[2025-12-12 14:55:18] Initialized Pipeline for 2025-12-12_01-30-00 on device: cuda
[2025-12-12 14:55:18] Initialized Pipeline for 2025-12-12_12-14-25 on device: cuda
[2025-12-12 14:55:18] Starting batch processing: 2025-12-12_01-30-00
[2025-12-12 14:55:18] Starting batch processing: 2025-12-12_12-14-25
[2025-12-12 14:55:20] Batch Finished. Total time: 1.62s. Avg: 1.62s/img
[2025-12-12 14:55:20] Batch Finished. Total time: 1.62s. Avg: 1.62s/img
[2025-12-12 15:30:05] Initialized Pipeline for 2025-12-12_15-28-58 on device: cuda
[2025-12-12 15:30:05] Starting batch processing: 2025-12-12_15-28-58
[2025-12-12 15:30:06]   Upscaling abstract_technology_1765520888245.png...
[2025-12-12 20:57:31] Initialized Pipeline for 2025-12-12_15-28-58 on device: cuda
[2025-12-12 20:57:31] Starting batch processing: 2025-12-12_15-28-58
[2025-12-12 20:57:33]   Upscaling abstract_technology_1765520888245.png...
[2025-12-12 20:57:40]   > Done: abstract_technology_1765520888245.png (6.90s)
[2025-12-12 20:57:40]   Upscaling cozy_home_office_1765520862991.png...
[2025-12-12 20:57:47]   > Done: cozy_home_office_1765520862991.png (6.18s)
[2025-12-12 20:57:47]   Upscaling cyberpunk_city_1765520821138.png...
[2025-12-12 20:57:53]   > Done: cyberpunk_city_1765520821138.png (6.21s)
[2025-12-12 20:57:53]   Upscaling healthy_food_1765520908677.png...
[2025-12-12 20:57:59]   > Done: healthy_food_1765520908677.png (6.21s)
[2025-12-12 20:57:59]   Upscaling zen_nature_1765520844087.png...
[2025-12-12 20:58:06]   > Done: zen_nature_1765520844087.png (6.20s)
[2025-12-12 20:58:06] Batch Finished. Total time: 34.86s. Avg: 6.97s/img
[2025-12-12 21:05:12] Initialized Pipeline for 2025-12-12_21-03-48 on device: cuda
[2025-12-12 21:05:12] Starting batch processing: 2025-12-12_21-03-48
[2025-12-12 21:05:13]   Upscaling christmas_cookies_1765540969515.png...
[2025-12-12 21:05:19]   > Done: christmas_cookies_1765540969515.png (6.59s)
[2025-12-12 21:05:19]   Upscaling christmas_gift_wrap_1765540986788.png...
[2025-12-12 21:08:21] Initialized Pipeline for 2025-12-12_21-03-48 on device: cuda
[2025-12-12 21:08:21] Starting batch processing: 2025-12-12_21-03-48
[2025-12-12 21:08:22]   [2/5] Upscaling christmas_gift_wrap_1765540986788.png...
[2025-12-12 21:08:28]   [2/5] Done: christmas_gift_wrap_1765540986788.png (6.62s)
[2025-12-12 21:08:28]   [3/5] Upscaling christmas_ornaments_1765540932555.png...
[2025-12-12 21:08:35]   [3/5] Done: christmas_ornaments_1765540932555.png (6.58s)
[2025-12-12 21:08:35]   [4/5] Upscaling christmas_tree_cozy_1765540915528.png...
[2025-12-12 21:14:57] Initialized Pipeline for 2025-12-12_21-03-48 on device: cuda
[2025-12-12 21:14:57] Starting batch processing: 2025-12-12_21-03-48
[2025-12-12 21:14:58]   [4/5] Upscaling christmas_tree_cozy_1765540915528.png...
[2025-12-12 21:15:05]   [4/5] Done: christmas_tree_cozy_1765540915528.png (6.65s)
[2025-12-12 21:15:05]   [5/5] Upscaling snowy_winter_village_1765540951218.png...
[2025-12-12 21:15:12]   [5/5] Done: snowy_winter_village_1765540951218.png (6.57s)
[2025-12-12 21:15:12] ===== 모두 완료! (2/5) =====
[2025-12-12 21:15:12] Total time: 14.27s. Avg: 7.14s/img
[2025-12-12 21:36:54] Initialized Pipeline for 2025-12-12_21-03-48 on device: cuda
[2025-12-12 21:36:54] Starting batch processing: 2025-12-12_21-03-48
[2025-12-12 21:36:55] No images to process
